#
# There is insufficient memory for the Java Runtime Environment to continue.
# Native memory allocation (mmap) failed to map 65536 bytes for Failed to commit metaspace.
# Possible reasons:
#   The system is out of physical RAM or swap space
#   The process is running with CompressedOops enabled, and the Java Heap may be blocking the growth of the native heap
# Possible solutions:
#   Reduce memory load on the system
#   Increase physical memory or swap space
#   Check if swap backing store is full
#   Decrease Java heap size (-Xmx/-Xms)
#   Decrease number of Java threads
#   Decrease Java thread stack sizes (-Xss)
#   Set larger code cache with -XX:ReservedCodeCacheSize=
#   JVM is running with Unscaled Compressed Oops mode in which the Java heap is
#     placed in the first 4GB address space. The Java Heap base address is the
#     maximum limit for the native heap growth. Please use -XX:HeapBaseMinAddress
#     to set the Java Heap base and to place the Java Heap above 4GB virtual address.
# This output file may be truncated or incomplete.
#
#  Out of Memory Error (virtualSpaceNode.cpp:110), pid=5928, tid=4508
#
# JRE version: OpenJDK Runtime Environment Temurin-17.0.2+8 (17.0.2+8) (build 17.0.2+8)
# Java VM: OpenJDK 64-Bit Server VM Temurin-17.0.2+8 (17.0.2+8, mixed mode, tiered, compressed oops, compressed class ptrs, serial gc, windows-amd64)
# Core dump will be written. Default location: c:\schedule\crud-spring\hs_err_pid5928.mdmp
#

---------------  S U M M A R Y ------------

Command Line: -Dcom.sun.management.jmxremote -Dcom.sun.management.jmxremote.port=62635 -Dcom.sun.management.jmxremote.authenticate=false -Dcom.sun.management.jmxremote.ssl=false -Djava.rmi.server.hostname=localhost -Dspring.application.admin.enabled=true -Dspring.jmx.enabled=true -XX:+ShowCodeDetailsInExceptionMessages -Dfile.encoding=UTF-8 com.emerson.CrudSpringApplication

Host: Intel(R) Xeon(R) CPU E5-2686 v4 @ 2.30GHz, 1 cores, 1023M,  Windows Server 2019 , 64 bit Build 17763 (10.0.17763.2686)
Time: Wed Mar 30 21:31:04 2022 Coordinated Universal Time elapsed time: 4.498776 seconds (0d 0h 0m 4s)

---------------  T H R E A D  ---------------

Current thread (0x00000201085fc4e0):  JavaThread "main" [_thread_in_vm, id=4508, stack(0x0000001c34d00000,0x0000001c34e00000)]

Stack: [0x0000001c34d00000,0x0000001c34e00000]
Native frames: (J=compiled Java code, j=interpreted, Vv=VM code, C=native code)
V  [jvm.dll+0x67564a]
V  [jvm.dll+0x82fc04]
V  [jvm.dll+0x8313ae]
V  [jvm.dll+0x831a13]
V  [jvm.dll+0x245235]
V  [jvm.dll+0x82bbab]
V  [jvm.dll+0x61a336]
V  [jvm.dll+0x61a39a]
V  [jvm.dll+0x61cbba]
V  [jvm.dll+0x61acd6]
V  [jvm.dll+0x62b9d9]
V  [jvm.dll+0x624d04]
V  [jvm.dll+0x37f131]
C  0x000002010b27c6fe

Java frames: (J=compiled Java code, j=interpreted, Vv=VM code)
j  java.io.StreamTokenizer.parseNumbers()V+0 java.base@17.0.2
j  java.io.StreamTokenizer.<init>()V+115 java.base@17.0.2
j  java.io.StreamTokenizer.<init>(Ljava/io/Reader;)V+1 java.base@17.0.2
j  sun.security.provider.PolicyParser.read(Ljava/io/Reader;)V+22 java.base@17.0.2
j  sun.security.provider.PolicyFile.initDefaultPolicy(Lsun/security/provider/PolicyFile$PolicyInfo;)V+81 java.base@17.0.2
j  sun.security.provider.PolicyFile$2.run()Ljava/lang/Void;+8 java.base@17.0.2
j  sun.security.provider.PolicyFile$2.run()Ljava/lang/Object;+1 java.base@17.0.2
J 924 c1 java.security.AccessController.doPrivileged(Ljava/security/PrivilegedAction;)Ljava/lang/Object; java.base@17.0.2 (9 bytes) @ 0x000002010b974fbc [0x000002010b974e60+0x000000000000015c]
j  sun.security.provider.PolicyFile.initPolicyFile(Lsun/security/provider/PolicyFile$PolicyInfo;Ljava/net/URL;)V+9 java.base@17.0.2
j  sun.security.provider.PolicyFile.init(Ljava/net/URL;)V+50 java.base@17.0.2
j  sun.security.provider.PolicyFile.<init>()V+24 java.base@17.0.2
j  java.security.Policy.loadPolicyProvider()Ljava/security/Policy;+38 java.base@17.0.2
j  java.security.Policy.getPolicyNoCheck()Ljava/security/Policy;+34 java.base@17.0.2
j  java.security.ProtectionDomain.implies(Ljava/security/Permission;)Z+16 java.base@17.0.2
j  java.security.ProtectionDomain.impliesWithAltFilePerm(Ljava/security/Permission;)Z+23 java.base@17.0.2
j  java.security.AccessControlContext.checkPermission(Ljava/security/Permission;)V+323 java.base@17.0.2
j  java.security.AccessController.checkPermission(Ljava/security/Permission;)V+161 java.base@17.0.2
j  ch.qos.logback.core.util.Loader$1.run()Ljava/lang/Boolean;+9
j  ch.qos.logback.core.util.Loader$1.run()Ljava/lang/Object;+1
J 739 c1 java.security.AccessController.executePrivileged(Ljava/security/PrivilegedAction;Ljava/security/AccessControlContext;Ljava/lang/Class;)Ljava/lang/Object; java.base@17.0.2 (65 bytes) @ 0x000002010b916334 [0x000002010b9161e0+0x0000000000000154]
j  java.security.AccessController.doPrivileged(Ljava/security/PrivilegedAction;)Ljava/lang/Object;+5 java.base@17.0.2
j  ch.qos.logback.core.util.Loader.<clinit>()V+34
v  ~StubRoutines::call_stub
j  ch.qos.logback.classic.util.ContextInitializer.findURLOfDefaultConfigurationFile(Z)Ljava/net/URL;+1
j  ch.qos.logback.classic.util.ContextInitializer.autoConfig()V+9
j  org.slf4j.impl.StaticLoggerBinder.init()V+11
j  org.slf4j.impl.StaticLoggerBinder.<clinit>()V+28
v  ~StubRoutines::call_stub
j  org.slf4j.LoggerFactory.bind()V+16
j  org.slf4j.LoggerFactory.performInitialization()V+0
j  org.slf4j.LoggerFactory.getILoggerFactory()Lorg/slf4j/ILoggerFactory;+22
j  org.slf4j.LoggerFactory.getLogger(Ljava/lang/String;)Lorg/slf4j/Logger;+0
j  org.apache.commons.logging.LogAdapter$Slf4jAdapter.createLocationAwareLog(Ljava/lang/String;)Lorg/apache/commons/logging/Log;+1
j  org.apache.commons.logging.LogAdapter.createLog(Ljava/lang/String;)Lorg/apache/commons/logging/Log;+42
j  org.apache.commons.logging.LogFactory.getLog(Ljava/lang/String;)Lorg/apache/commons/logging/Log;+1
j  org.apache.commons.logging.LogFactory.getLog(Ljava/lang/Class;)Lorg/apache/commons/logging/Log;+4
j  org.springframework.boot.SpringApplication.<clinit>()V+2
v  ~StubRoutines::call_stub
j  com.emerson.CrudSpringApplication.main([Ljava/lang/String;)V+3
v  ~StubRoutines::call_stub

---------------  P R O C E S S  ---------------

Threads class SMR info:
_java_thread_list=0x000002011b2db420, length=15, elements={
0x00000201085fc4e0, 0x0000020108184b50, 0x00000201081858d0, 0x00000201081af4d0,
0x00000201081b0250, 0x00000201081b0fd0, 0x00000201081b4b10, 0x00000201081b5700,
0x0000020108200c00, 0x00000201082194d0, 0x00000201082426b0, 0x000002011ad21260,
0x000002011b2c3c80, 0x000002011b2d9360, 0x000002011b2ef0b0
}

Java Threads: ( => current thread )
=>0x00000201085fc4e0 JavaThread "main" [_thread_in_vm, id=4508, stack(0x0000001c34d00000,0x0000001c34e00000)]
  0x0000020108184b50 JavaThread "Reference Handler" daemon [_thread_blocked, id=6460, stack(0x0000001c34f00000,0x0000001c35000000)]
  0x00000201081858d0 JavaThread "Finalizer" daemon [_thread_blocked, id=6060, stack(0x0000001c35000000,0x0000001c35100000)]
  0x00000201081af4d0 JavaThread "Signal Dispatcher" daemon [_thread_blocked, id=5912, stack(0x0000001c35100000,0x0000001c35200000)]
  0x00000201081b0250 JavaThread "Attach Listener" daemon [_thread_blocked, id=2588, stack(0x0000001c35200000,0x0000001c35300000)]
  0x00000201081b0fd0 JavaThread "Service Thread" daemon [_thread_blocked, id=2244, stack(0x0000001c35300000,0x0000001c35400000)]
  0x00000201081b4b10 JavaThread "Monitor Deflation Thread" daemon [_thread_blocked, id=4228, stack(0x0000001c35400000,0x0000001c35500000)]
  0x00000201081b5700 JavaThread "C2 CompilerThread0" daemon [_thread_blocked, id=2660, stack(0x0000001c35500000,0x0000001c35600000)]
  0x0000020108200c00 JavaThread "C1 CompilerThread0" daemon [_thread_blocked, id=6784, stack(0x0000001c35600000,0x0000001c35700000)]
  0x00000201082194d0 JavaThread "Sweeper thread" daemon [_thread_blocked, id=2212, stack(0x0000001c35700000,0x0000001c35800000)]
  0x00000201082426b0 JavaThread "Common-Cleaner" daemon [_thread_blocked, id=6036, stack(0x0000001c35800000,0x0000001c35900000)]
  0x000002011ad21260 JavaThread "Notification Thread" daemon [_thread_blocked, id=776, stack(0x0000001c35900000,0x0000001c35a00000)]
  0x000002011b2c3c80 JavaThread "RMI TCP Accept-0" daemon [_thread_in_native, id=4808, stack(0x0000001c35a00000,0x0000001c35b00000)]
  0x000002011b2d9360 JavaThread "RMI TCP Accept-62635" daemon [_thread_in_native, id=4120, stack(0x0000001c35b00000,0x0000001c35c00000)]
  0x000002011b2ef0b0 JavaThread "RMI TCP Accept-0" daemon [_thread_in_native, id=3060, stack(0x0000001c35c00000,0x0000001c35d00000)]

Other Threads:
  0x000002010815faa0 VMThread "VM Thread" [stack: 0x0000001c34e00000,0x0000001c34f00000] [id=2384]
  0x00000201085fd350 WatcherThread [stack: 0x0000001c35d00000,0x0000001c35e00000] [id=6156]

Threads with active compile tasks:

VM state: not at safepoint (normal execution)

VM Mutex/Monitor currently owned by a thread:  ([mutex/lock_event])
[0x0000020106401220] Metaspace_lock - owner thread: 0x00000201085fc4e0

Heap address: 0x00000000f0000000, size: 256 MB, Compressed Oops mode: 32-bit

CDS archive(s) not mapped
Compressed class space mapped at: 0x0000000100000000-0x0000000140000000, reserved size: 1073741824
Narrow klass base: 0x0000000000000000, Narrow klass shift: 3, Narrow klass range: 0x140000000

GC Precious Log:
 CPUs: 1 total, 1 available
 Memory: 1023M
 Large Page Support: Disabled
 NUMA Support: Disabled
 Compressed Oops: Enabled (32-bit)
 Heap Min Capacity: 8M
 Heap Initial Capacity: 16M
 Heap Max Capacity: 256M
 Pre-touch: Disabled

Heap:
 def new generation   total 4928K, used 3712K [0x00000000f0000000, 0x00000000f0550000, 0x00000000f5550000)
  eden space 4416K,  72% used [0x00000000f0000000, 0x00000000f0320180, 0x00000000f0450000)
  from space 512K, 100% used [0x00000000f0450000, 0x00000000f04d0000, 0x00000000f04d0000)
  to   space 512K,   0% used [0x00000000f04d0000, 0x00000000f04d0000, 0x00000000f0550000)
 tenured generation   total 10944K, used 4542K [0x00000000f5550000, 0x00000000f6000000, 0x0000000100000000)
   the space 10944K,  41% used [0x00000000f5550000, 0x00000000f59bfbb8, 0x00000000f59bfc00, 0x00000000f6000000)
 Metaspace       used 12278K, committed 12352K, reserved 1064960K
  class space    used 1315K, committed 1344K, reserved 1048576K

Card table byte_map: [0x0000020107fa0000,0x0000020108030000] _byte_map_base: 0x0000020107820000

Polling page: 0x0000020106760000

Metaspace:

Usage:
  Non-class:     10.71 MB used.
      Class:      1.28 MB used.
       Both:     11.99 MB used.

Virtual space:
  Non-class space:       16.00 MB reserved,      10.75 MB ( 67%) committed,  2 nodes.
      Class space:        1.00 GB reserved,       1.31 MB ( <1%) committed,  1 nodes.
             Both:        1.02 GB reserved,      12.06 MB (  1%) committed. 

Chunk freelists:
   Non-Class:  592.00 KB
       Class:  2.69 MB
        Both:  3.27 MB

MaxMetaspaceSize: unlimited
CompressedClassSpaceSize: 1.00 GB
Initial GC threshold: 21.00 MB
Current GC threshold: 21.00 MB
CDS: off
MetaspaceReclaimPolicy: balanced
 - commit_granule_bytes: 65536.
 - commit_granule_words: 8192.
 - virtual_space_node_default_size: 1048576.
 - enlarge_chunks_in_place: 1.
 - new_chunks_are_fully_committed: 0.
 - uncommit_free_chunks: 1.
 - use_allocation_guard: 0.
 - handle_deallocations: 1.


Internal statistics:

num_allocs_failed_limit: 0.
num_arena_births: 96.
num_arena_deaths: 0.
num_vsnodes_births: 3.
num_vsnodes_deaths: 0.
num_space_committed: 193.
num_space_uncommitted: 0.
num_chunks_returned_to_freelist: 0.
num_chunks_taken_from_freelist: 167.
num_chunk_merges: 0.
num_chunk_splits: 94.
num_chunks_enlarged: 52.
num_purges: 0.
num_inconsistent_stats: 0.

CodeHeap 'non-profiled nmethods': size=120064Kb used=273Kb max_used=273Kb free=119790Kb
 bounds [0x0000020112d30000, 0x0000020112fa0000, 0x000002011a270000]
CodeHeap 'profiled nmethods': size=120000Kb used=1492Kb max_used=1492Kb free=118507Kb
 bounds [0x000002010b800000, 0x000002010ba70000, 0x0000020112d30000]
CodeHeap 'non-nmethods': size=5696Kb used=1151Kb max_used=1165Kb free=4544Kb
 bounds [0x000002010b270000, 0x000002010b4e0000, 0x000002010b800000]
 total_blobs=1372 nmethods=925 adapters=362
 compilation: enabled
              stopped_count=0, restarted_count=0
 full_count=0

Compilation events (20 events):
Event: 4.422 Thread 0x0000020108200c00  916       1       java.security.CodeSource::getLocation (5 bytes)
Event: 4.422 Thread 0x0000020108200c00 nmethod 916 0x0000020112d73990 code [0x0000020112d73b20, 0x0000020112d73bf8]
Event: 4.422 Thread 0x0000020108200c00  917       3       java.util.WeakHashMap$Entry::<init> (24 bytes)
Event: 4.423 Thread 0x0000020108200c00 nmethod 917 0x000002010b970890 code [0x000002010b970a40, 0x000002010b970d38]
Event: 4.430 Thread 0x00000201081b5700  918       4       java.lang.String::checkBoundsBeginEnd (63 bytes)
Event: 4.430 Thread 0x00000201081b5700 nmethod 918 0x0000020112d73c90 code [0x0000020112d73e00, 0x0000020112d73eb8]
Event: 4.431 Thread 0x0000020108200c00  919       3       java.lang.StringLatin1::regionMatchesCI (98 bytes)
Event: 4.432 Thread 0x0000020108200c00 nmethod 919 0x000002010b970e90 code [0x000002010b9710c0, 0x000002010b9717f8]
Event: 4.432 Thread 0x0000020108200c00  920       1       java.util.zip.ZipEntry::getSize (5 bytes)
Event: 4.432 Thread 0x0000020108200c00 nmethod 920 0x0000020112d73f90 code [0x0000020112d74120, 0x0000020112d741f8]
Event: 4.439 Thread 0x0000020108200c00  921       3       java.lang.String::indexOf (64 bytes)
Event: 4.439 Thread 0x0000020108200c00 nmethod 921 0x000002010b971b90 code [0x000002010b971da0, 0x000002010b972268]
Event: 4.451 Thread 0x0000020108200c00  922   !   3       java.util.zip.InflaterInputStream::read (138 bytes)
Event: 4.452 Thread 0x0000020108200c00 nmethod 922 0x000002010b972410 code [0x000002010b9726c0, 0x000002010b9733b8]
Event: 4.453 Thread 0x0000020108200c00  923       3       sun.net.util.IPAddressUtil::scan (92 bytes)
Event: 4.454 Thread 0x0000020108200c00 nmethod 923 0x000002010b973990 code [0x000002010b973c00, 0x000002010b974738]
Event: 4.458 Thread 0x0000020108200c00  924       3       java.security.AccessController::doPrivileged (9 bytes)
Event: 4.458 Thread 0x0000020108200c00 nmethod 924 0x000002010b974c90 code [0x000002010b974e60, 0x000002010b975178]
Event: 4.460 Thread 0x0000020108200c00  925       1       sun.nio.fs.NativeBuffer::setOwner (6 bytes)
Event: 4.460 Thread 0x0000020108200c00 nmethod 925 0x0000020112d74290 code [0x0000020112d74420, 0x0000020112d744f8]

GC Heap History (4 events):
Event: 2.184 GC heap before
{Heap before GC invocations=0 (full 0):
 def new generation   total 4928K, used 4416K [0x00000000f0000000, 0x00000000f0550000, 0x00000000f5550000)
  eden space 4416K, 100% used [0x00000000f0000000, 0x00000000f0450000, 0x00000000f0450000)
  from space 512K,   0% used [0x00000000f0450000, 0x00000000f0450000, 0x00000000f04d0000)
  to   space 512K,   0% used [0x00000000f04d0000, 0x00000000f04d0000, 0x00000000f0550000)
 tenured generation   total 10944K, used 0K [0x00000000f5550000, 0x00000000f6000000, 0x0000000100000000)
   the space 10944K,   0% used [0x00000000f5550000, 0x00000000f5550000, 0x00000000f5550200, 0x00000000f6000000)
 Metaspace       used 6426K, committed 6592K, reserved 1056768K
  class space    used 619K, committed 704K, reserved 1048576K
}
Event: 2.189 GC heap after
{Heap after GC invocations=1 (full 0):
 def new generation   total 4928K, used 512K [0x00000000f0000000, 0x00000000f0550000, 0x00000000f5550000)
  eden space 4416K,   0% used [0x00000000f0000000, 0x00000000f0000000, 0x00000000f0450000)
  from space 512K, 100% used [0x00000000f04d0000, 0x00000000f0550000, 0x00000000f0550000)
  to   space 512K,   0% used [0x00000000f0450000, 0x00000000f0450000, 0x00000000f04d0000)
 tenured generation   total 10944K, used 2114K [0x00000000f5550000, 0x00000000f6000000, 0x0000000100000000)
   the space 10944K,  19% used [0x00000000f5550000, 0x00000000f5760aa8, 0x00000000f5760c00, 0x00000000f6000000)
 Metaspace       used 6426K, committed 6592K, reserved 1056768K
  class space    used 619K, committed 704K, reserved 1048576K
}
Event: 3.059 GC heap before
{Heap before GC invocations=1 (full 0):
 def new generation   total 4928K, used 4928K [0x00000000f0000000, 0x00000000f0550000, 0x00000000f5550000)
  eden space 4416K, 100% used [0x00000000f0000000, 0x00000000f0450000, 0x00000000f0450000)
  from space 512K, 100% used [0x00000000f04d0000, 0x00000000f0550000, 0x00000000f0550000)
  to   space 512K,   0% used [0x00000000f0450000, 0x00000000f0450000, 0x00000000f04d0000)
 tenured generation   total 10944K, used 2114K [0x00000000f5550000, 0x00000000f6000000, 0x0000000100000000)
   the space 10944K,  19% used [0x00000000f5550000, 0x00000000f5760aa8, 0x00000000f5760c00, 0x00000000f6000000)
 Metaspace       used 9232K, committed 9344K, reserved 1064960K
  class space    used 961K, committed 1024K, reserved 1048576K
}
Event: 3.066 GC heap after
{Heap after GC invocations=2 (full 0):
 def new generation   total 4928K, used 512K [0x00000000f0000000, 0x00000000f0550000, 0x00000000f5550000)
  eden space 4416K,   0% used [0x00000000f0000000, 0x00000000f0000000, 0x00000000f0450000)
  from space 512K, 100% used [0x00000000f0450000, 0x00000000f04d0000, 0x00000000f04d0000)
  to   space 512K,   0% used [0x00000000f04d0000, 0x00000000f04d0000, 0x00000000f0550000)
 tenured generation   total 10944K, used 4542K [0x00000000f5550000, 0x00000000f6000000, 0x0000000100000000)
   the space 10944K,  41% used [0x00000000f5550000, 0x00000000f59bfbb8, 0x00000000f59bfc00, 0x00000000f6000000)
 Metaspace       used 9232K, committed 9344K, reserved 1064960K
  class space    used 961K, committed 1024K, reserved 1048576K
}

Deoptimization events (20 events):
Event: 2.841 Thread 0x00000201085fc4e0 DEOPT PACKING pc=0x0000020112d41530 sp=0x0000001c34dfdf80
Event: 2.841 Thread 0x00000201085fc4e0 DEOPT UNPACKING pc=0x000002010b2c20a3 sp=0x0000001c34dfde98 mode 2
Event: 2.841 Thread 0x00000201085fc4e0 Uncommon trap: trap_request=0xffffffde fr.pc=0x0000020112d41530 relative=0x00000000000008b0
Event: 2.841 Thread 0x00000201085fc4e0 Uncommon trap: reason=class_check action=maybe_recompile pc=0x0000020112d41530 method=java.util.HashMap.putVal(ILjava/lang/Object;Ljava/lang/Object;ZZ)Ljava/lang/Object; @ 253 c2
Event: 2.841 Thread 0x00000201085fc4e0 DEOPT PACKING pc=0x0000020112d41530 sp=0x0000001c34dfdf80
Event: 2.841 Thread 0x00000201085fc4e0 DEOPT UNPACKING pc=0x000002010b2c20a3 sp=0x0000001c34dfde98 mode 2
Event: 2.841 Thread 0x00000201085fc4e0 Uncommon trap: trap_request=0xffffff45 fr.pc=0x0000020112d414f0 relative=0x0000000000000870
Event: 2.841 Thread 0x00000201085fc4e0 Uncommon trap: reason=unstable_if action=reinterpret pc=0x0000020112d414f0 method=java.util.HashMap.putVal(ILjava/lang/Object;Ljava/lang/Object;ZZ)Ljava/lang/Object; @ 181 c2
Event: 2.841 Thread 0x00000201085fc4e0 DEOPT PACKING pc=0x0000020112d414f0 sp=0x0000001c34dfdf80
Event: 2.841 Thread 0x00000201085fc4e0 DEOPT UNPACKING pc=0x000002010b2c20a3 sp=0x0000001c34dfde98 mode 2
Event: 3.985 Thread 0x00000201085fc4e0 Uncommon trap: trap_request=0xffffff45 fr.pc=0x0000020112d5635c relative=0x000000000000005c
Event: 3.985 Thread 0x00000201085fc4e0 Uncommon trap: reason=unstable_if action=reinterpret pc=0x0000020112d5635c method=java.lang.String.isLatin1()Z @ 10 c2
Event: 3.985 Thread 0x00000201085fc4e0 DEOPT PACKING pc=0x0000020112d5635c sp=0x0000001c34dfe3c0
Event: 3.985 Thread 0x00000201085fc4e0 DEOPT UNPACKING pc=0x000002010b2c20a3 sp=0x0000001c34dfe350 mode 2
Event: 3.986 Thread 0x00000201085fc4e0 Uncommon trap: trap_request=0xffffff45 fr.pc=0x0000020112d30bf4 relative=0x0000000000000074
Event: 3.986 Thread 0x00000201085fc4e0 Uncommon trap: reason=unstable_if action=reinterpret pc=0x0000020112d30bf4 method=java.lang.String.isLatin1()Z @ 10 c2
Event: 3.986 Thread 0x00000201085fc4e0 DEOPT PACKING pc=0x0000020112d30bf4 sp=0x0000001c34dfedc0
Event: 3.986 Thread 0x00000201085fc4e0 DEOPT UNPACKING pc=0x000002010b2c20a3 sp=0x0000001c34dfed00 mode 2
Event: 4.404 Thread 0x00000201085fc4e0 DEOPT PACKING pc=0x000002010b86e594 sp=0x0000001c34df9980
Event: 4.404 Thread 0x00000201085fc4e0 DEOPT UNPACKING pc=0x000002010b2c2843 sp=0x0000001c34df8e30 mode 0

Classes unloaded (0 events):
No events

Classes redefined (0 events):
No events

Internal exceptions (12 events):
Event: 1.806 Thread 0x00000201081b0250 Implicit null exception at 0x0000020112d3bb55 to 0x0000020112d3bcb4
Event: 2.644 Thread 0x00000201085fc4e0 Exception <a 'java/lang/NoSuchMethodError'{0x00000000f02369c0}: 'java.lang.Object java.lang.invoke.DirectMethodHandle$Holder.invokeStaticInit(java.lang.Object)'> (0x00000000f02369c0) 
thrown [e:\jenkins\tmp\workspace\build\src\src\hotspot\share\interpreter\linkResolver.cpp, line 766]
Event: 2.749 Thread 0x00000201085fc4e0 Exception <a 'java/lang/NoSuchMethodError'{0x00000000f026bfe0}: 'int java.lang.invoke.DirectMethodHandle$Holder.invokeInterface(java.lang.Object, java.lang.Object)'> (0x00000000f026bfe0) 
thrown [e:\jenkins\tmp\workspace\build\src\src\hotspot\share\interpreter\linkResolver.cpp, line 766]
Event: 2.750 Thread 0x00000201085fc4e0 Exception <a 'java/lang/IncompatibleClassChangeError'{0x00000000f026f5e0}: Found class java.lang.Object, but interface was expected> (0x00000000f026f5e0) 
thrown [e:\jenkins\tmp\workspace\build\src\src\hotspot\share\interpreter\linkResolver.cpp, line 833]
Event: 2.754 Thread 0x00000201085fc4e0 Exception <a 'java/lang/NoSuchMethodError'{0x00000000f0275190}: 'void java.lang.invoke.DirectMethodHandle$Holder.invokeStatic(java.lang.Object, java.lang.Object)'> (0x00000000f0275190) 
thrown [e:\jenkins\tmp\workspace\build\src\src\hotspot\share\interpreter\linkResolver.cpp, line 766]
Event: 2.907 Thread 0x00000201085fc4e0 Exception <a 'java/lang/NoSuchMethodError'{0x00000000f03443c0}: 'int java.lang.invoke.DirectMethodHandle$Holder.invokeSpecial(java.lang.Object, java.lang.Object, java.lang.Object)'> (0x00000000f03443c0) 
thrown [e:\jenkins\tmp\workspace\build\src\src\hotspot\share\interpreter\linkResolver.cpp, line 766]
Event: 3.067 Thread 0x00000201085fc4e0 Exception <a 'java/lang/NoSuchMethodError'{0x00000000f0002220}: 'void java.lang.invoke.DirectMethodHandle$Holder.invokeStatic(java.lang.Object, java.lang.Object, java.lang.Object)'> (0x00000000f0002220) 
thrown [e:\jenkins\tmp\workspace\build\src\src\hotspot\share\interpreter\linkResolver.cpp, line 766]
Event: 3.429 Thread 0x00000201085fc4e0 Exception <a 'java/lang/NoSuchMethodError'{0x00000000f0054288}: 'int java.lang.invoke.DirectMethodHandle$Holder.invokeSpecialIFC(java.lang.Object, java.lang.Object, java.lang.Object)'> (0x00000000f0054288) 
thrown [e:\jenkins\tmp\workspace\build\src\src\hotspot\share\interpreter\linkResolver.cpp, line 766]
Event: 3.570 Thread 0x00000201085fc4e0 Exception <a 'java/lang/NoSuchMethodError'{0x00000000f00cac78}: 'java.lang.Object java.lang.invoke.DirectMethodHandle$Holder.invokeStaticInit(java.lang.Object, int, int, int, int)'> (0x00000000f00cac78) 
thrown [e:\jenkins\tmp\workspace\build\src\src\hotspot\share\interpreter\linkResolver.cpp, line 766]
Event: 3.832 Thread 0x00000201085fc4e0 Exception <a 'java/lang/NoSuchMethodError'{0x00000000f00ed690}: 'java.lang.Object java.lang.invoke.DirectMethodHandle$Holder.invokeStaticInit(java.lang.Object, java.lang.Object, int, int, int, int)'> (0x00000000f00ed690) 
thrown [e:\jenkins\tmp\workspace\build\src\src\hotspot\share\interpreter\linkResolver.cpp, line 766]
Event: 3.872 Thread 0x00000201085fc4e0 Exception <a 'java/lang/ClassNotFoundException'{0x00000000f01092f8}: javax/management/remote/rmi/RMIServerImpl_Skel> (0x00000000f01092f8) 
thrown [e:\jenkins\tmp\workspace\build\src\src\hotspot\share\classfile\systemDictionary.cpp, line 256]
Event: 3.939 Thread 0x00000201085fc4e0 Exception <a 'java/lang/ClassNotFoundException'{0x00000000f014b268}: jdk/internal/agent/resources/spi/agentProvider> (0x00000000f014b268) 
thrown [e:\jenkins\tmp\workspace\build\src\src\hotspot\share\classfile\systemDictionary.cpp, line 256]

VM Operations (16 events):
Event: 1.638 Executing VM operation: HandshakeAllThreads
Event: 1.638 Executing VM operation: HandshakeAllThreads done
Event: 2.083 Executing VM operation: HandshakeAllThreads
Event: 2.084 Executing VM operation: HandshakeAllThreads done
Event: 2.084 Executing VM operation: Cleanup
Event: 2.084 Executing VM operation: Cleanup done
Event: 2.184 Executing VM operation: GenCollectForAllocation
Event: 2.189 Executing VM operation: GenCollectForAllocation done
Event: 3.059 Executing VM operation: GenCollectForAllocation
Event: 3.066 Executing VM operation: GenCollectForAllocation done
Event: 3.099 Executing VM operation: HandshakeAllThreads
Event: 3.099 Executing VM operation: HandshakeAllThreads done
Event: 3.527 Executing VM operation: HandshakeAllThreads
Event: 3.527 Executing VM operation: HandshakeAllThreads done
Event: 3.871 Executing VM operation: HandshakeAllThreads
Event: 3.871 Executing VM operation: HandshakeAllThreads done

Events (20 events):
Event: 4.460 loading class sun/nio/fs/WindowsChannelFactory$1
Event: 4.460 loading class sun/nio/fs/WindowsChannelFactory$1 done
Event: 4.460 loading class sun/nio/fs/WindowsChannelFactory$Flags
Event: 4.460 loading class sun/nio/fs/WindowsChannelFactory$Flags done
Event: 4.462 loading class sun/nio/ch/NativeThreadSet
Event: 4.462 loading class sun/nio/ch/NativeThreadSet done
Event: 4.462 loading class sun/nio/ch/FileDispatcherImpl
Event: 4.463 loading class sun/nio/ch/FileDispatcher
Event: 4.463 loading class sun/nio/ch/FileDispatcher done
Event: 4.463 loading class sun/nio/ch/FileDispatcherImpl done
Event: 4.463 loading class sun/nio/ch/FileChannelImpl$Closer
Event: 4.463 loading class sun/nio/ch/FileChannelImpl$Closer done
Event: 4.463 loading class java/nio/channels/Channels
Event: 4.465 loading class java/nio/channels/Channels done
Event: 4.465 loading class sun/nio/ch/ChannelInputStream
Event: 4.465 loading class sun/nio/ch/ChannelInputStream done
Event: 4.465 loading class sun/security/provider/PolicyParser
Event: 4.465 loading class sun/security/provider/PolicyParser done
Event: 4.465 loading class java/io/StreamTokenizer
Event: 4.466 loading class java/io/StreamTokenizer done


Dynamic libraries:
0x00007ff65d260000 - 0x00007ff65d26e000 	C:\Users\Administrator\.vscode\extensions\redhat.java-1.4.0\jre\17.0.2-win32-x86_64\bin\java.exe
0x00007ffe934d0000 - 0x00007ffe936bd000 	C:\Windows\SYSTEM32\ntdll.dll
0x00007ffe90bd0000 - 0x00007ffe90c84000 	C:\Windows\System32\KERNEL32.DLL
0x00007ffe90260000 - 0x00007ffe904f4000 	C:\Windows\System32\KERNELBASE.dll
0x00007ffe8f660000 - 0x00007ffe8f75a000 	C:\Windows\System32\ucrtbase.dll
0x00007ffe85eb0000 - 0x00007ffe85ec8000 	C:\Users\Administrator\.vscode\extensions\redhat.java-1.4.0\jre\17.0.2-win32-x86_64\bin\jli.dll
0x00007ffe84780000 - 0x00007ffe84799000 	C:\Users\Administrator\.vscode\extensions\redhat.java-1.4.0\jre\17.0.2-win32-x86_64\bin\VCRUNTIME140.dll
0x00007ffe91230000 - 0x00007ffe913c7000 	C:\Windows\System32\USER32.dll
0x00007ffe8ff00000 - 0x00007ffe8ff20000 	C:\Windows\System32\win32u.dll
0x00007ffe91480000 - 0x00007ffe914a9000 	C:\Windows\System32\GDI32.dll
0x00007ffe90090000 - 0x00007ffe9022c000 	C:\Windows\System32\gdi32full.dll
0x00007ffe8ff20000 - 0x00007ffe8ffc0000 	C:\Windows\System32\msvcp_win.dll
0x00007ffe799a0000 - 0x00007ffe79c19000 	C:\Windows\WinSxS\amd64_microsoft.windows.common-controls_6595b64144ccf1df_6.0.17763.2686_none_de755d285347a0fe\COMCTL32.dll
0x00007ffe915d0000 - 0x00007ffe9166e000 	C:\Windows\System32\msvcrt.dll
0x00007ffe92e70000 - 0x00007ffe9319d000 	C:\Windows\System32\combase.dll
0x00007ffe90c90000 - 0x00007ffe90dad000 	C:\Windows\System32\RPCRT4.dll
0x00007ffe8f5d0000 - 0x00007ffe8f652000 	C:\Windows\System32\bcryptPrimitives.dll
0x00007ffe90700000 - 0x00007ffe9072e000 	C:\Windows\System32\IMM32.DLL
0x00007ffe874d0000 - 0x00007ffe874dc000 	C:\Users\Administrator\.vscode\extensions\redhat.java-1.4.0\jre\17.0.2-win32-x86_64\bin\vcruntime140_1.dll
0x00007ffe77e90000 - 0x00007ffe77f21000 	C:\Users\Administrator\.vscode\extensions\redhat.java-1.4.0\jre\17.0.2-win32-x86_64\bin\msvcp140.dll
0x00007ffe66b50000 - 0x00007ffe67797000 	C:\Users\Administrator\.vscode\extensions\redhat.java-1.4.0\jre\17.0.2-win32-x86_64\bin\server\jvm.dll
0x00007ffe914b0000 - 0x00007ffe91557000 	C:\Windows\System32\ADVAPI32.dll
0x00007ffe90b30000 - 0x00007ffe90bcf000 	C:\Windows\System32\sechost.dll
0x00007ffe92c50000 - 0x00007ffe92c58000 	C:\Windows\System32\PSAPI.DLL
0x00007ffe86140000 - 0x00007ffe86149000 	C:\Windows\SYSTEM32\WSOCK32.dll
0x00007ffe932d0000 - 0x00007ffe9333d000 	C:\Windows\System32\WS2_32.dll
0x00007ffe8d710000 - 0x00007ffe8d734000 	C:\Windows\SYSTEM32\WINMM.dll
0x00007ffe896f0000 - 0x00007ffe896fa000 	C:\Windows\SYSTEM32\VERSION.dll
0x00007ffe8d6e0000 - 0x00007ffe8d70d000 	C:\Windows\SYSTEM32\WINMMBASE.dll
0x00007ffe8feb0000 - 0x00007ffe8fefa000 	C:\Windows\System32\cfgmgr32.dll
0x00007ffe8f4c0000 - 0x00007ffe8f4d1000 	C:\Windows\System32\kernel.appcore.dll
0x00007ffe85f10000 - 0x00007ffe85f1a000 	C:\Users\Administrator\.vscode\extensions\redhat.java-1.4.0\jre\17.0.2-win32-x86_64\bin\jimage.dll
0x00007ffe80db0000 - 0x00007ffe80f9d000 	C:\Windows\SYSTEM32\DBGHELP.DLL
0x00007ffe842c0000 - 0x00007ffe842ea000 	C:\Windows\SYSTEM32\dbgcore.DLL
0x00007ffe830f0000 - 0x00007ffe83115000 	C:\Users\Administrator\.vscode\extensions\redhat.java-1.4.0\jre\17.0.2-win32-x86_64\bin\java.dll
0x00007ffe84760000 - 0x00007ffe84778000 	C:\Users\Administrator\.vscode\extensions\redhat.java-1.4.0\jre\17.0.2-win32-x86_64\bin\zip.dll
0x00007ffe916d0000 - 0x00007ffe92bc9000 	C:\Windows\System32\SHELL32.dll
0x00007ffe913d0000 - 0x00007ffe91478000 	C:\Windows\System32\shcore.dll
0x00007ffe8f760000 - 0x00007ffe8fea8000 	C:\Windows\System32\windows.storage.dll
0x00007ffe8f490000 - 0x00007ffe8f4b4000 	C:\Windows\System32\profapi.dll
0x00007ffe8f500000 - 0x00007ffe8f55d000 	C:\Windows\System32\powrprof.dll
0x00007ffe92bf0000 - 0x00007ffe92c42000 	C:\Windows\System32\shlwapi.dll
0x00007ffe8ffc0000 - 0x00007ffe8ffd7000 	C:\Windows\System32\cryptsp.dll
0x00007ffe84030000 - 0x00007ffe84049000 	C:\Users\Administrator\.vscode\extensions\redhat.java-1.4.0\jre\17.0.2-win32-x86_64\bin\net.dll
0x00007ffe8af60000 - 0x00007ffe8b051000 	C:\Windows\SYSTEM32\WINHTTP.dll
0x00007ffe8ec80000 - 0x00007ffe8ece7000 	C:\Windows\system32\mswsock.dll
0x00007ffe83160000 - 0x00007ffe83175000 	C:\Users\Administrator\.vscode\extensions\redhat.java-1.4.0\jre\17.0.2-win32-x86_64\bin\nio.dll
0x00007ffe8d640000 - 0x00007ffe8d649000 	C:\Users\Administrator\.vscode\extensions\redhat.java-1.4.0\jre\17.0.2-win32-x86_64\bin\management.dll
0x00007ffe860f0000 - 0x00007ffe860fb000 	C:\Users\Administrator\.vscode\extensions\redhat.java-1.4.0\jre\17.0.2-win32-x86_64\bin\management_ext.dll
0x00007ffe88240000 - 0x00007ffe88256000 	C:\Windows\system32\napinsp.dll
0x00007ffe8e9d0000 - 0x00007ffe8ea96000 	C:\Windows\SYSTEM32\DNSAPI.dll
0x00007ffe90b20000 - 0x00007ffe90b28000 	C:\Windows\System32\NSI.dll
0x00007ffe8e990000 - 0x00007ffe8e9ce000 	C:\Windows\SYSTEM32\IPHLPAPI.DLL
0x00007ffe88230000 - 0x00007ffe8823e000 	C:\Windows\System32\winrnr.dll
0x00007ffe8c0d0000 - 0x00007ffe8c0eb000 	C:\Windows\system32\NLAapi.dll
0x00007ffe83f50000 - 0x00007ffe83f65000 	C:\Windows\system32\wshbth.dll
0x00007ffe8a6c0000 - 0x00007ffe8a6ca000 	C:\Windows\System32\rasadhlp.dll
0x00007ffe8ac10000 - 0x00007ffe8ac89000 	C:\Windows\System32\fwpuclnt.dll
0x00007ffe90230000 - 0x00007ffe90256000 	C:\Windows\System32\bcrypt.dll
0x00007ffe8e800000 - 0x00007ffe8e833000 	C:\Windows\system32\rsaenh.dll
0x00007ffe8f390000 - 0x00007ffe8f3b9000 	C:\Windows\SYSTEM32\USERENV.dll
0x00007ffe8ee50000 - 0x00007ffe8ee5c000 	C:\Windows\SYSTEM32\CRYPTBASE.dll
0x00007ffe8b770000 - 0x00007ffe8b786000 	C:\Windows\SYSTEM32\dhcpcsvc6.DLL
0x00007ffe8b730000 - 0x00007ffe8b74c000 	C:\Windows\SYSTEM32\dhcpcsvc.DLL
0x00007ffe85c50000 - 0x00007ffe85c60000 	C:\Users\Administrator\.vscode\extensions\redhat.java-1.4.0\jre\17.0.2-win32-x86_64\bin\verify.dll

dbghelp: loaded successfully - version: 4.0.5 - missing functions: none
symbol engine: initialized successfully - sym options: 0x614 - pdb path: .;C:\Users\Administrator\.vscode\extensions\redhat.java-1.4.0\jre\17.0.2-win32-x86_64\bin;C:\Windows\SYSTEM32;C:\Windows\WinSxS\amd64_microsoft.windows.common-controls_6595b64144ccf1df_6.0.17763.2686_none_de755d285347a0fe;C:\Users\Administrator\.vscode\extensions\redhat.java-1.4.0\jre\17.0.2-win32-x86_64\bin\server

VM Arguments:
jvm_args: -Dcom.sun.management.jmxremote -Dcom.sun.management.jmxremote.port=62635 -Dcom.sun.management.jmxremote.authenticate=false -Dcom.sun.management.jmxremote.ssl=false -Djava.rmi.server.hostname=localhost -Dspring.application.admin.enabled=true -Dspring.jmx.enabled=true -XX:+ShowCodeDetailsInExceptionMessages -Dfile.encoding=UTF-8 
java_command: com.emerson.CrudSpringApplication
java_class_path (initial): C:\schedule\crud-spring\target\classes;C:\Users\Administrator\.m2\repository\org\springframework\boot\spring-boot-starter-data-jpa\2.5.6\spring-boot-starter-data-jpa-2.5.6.jar;C:\Users\Administrator\.m2\repository\org\springframework\boot\spring-boot-starter-aop\2.5.6\spring-boot-starter-aop-2.5.6.jar;C:\Users\Administrator\.m2\repository\org\springframework\spring-aop\5.3.12\spring-aop-5.3.12.jar;C:\Users\Administrator\.m2\repository\org\aspectj\aspectjweaver\1.9.7\aspectjweaver-1.9.7.jar;C:\Users\Administrator\.m2\repository\org\springframework\boot\spring-boot-starter-jdbc\2.5.6\spring-boot-starter-jdbc-2.5.6.jar;C:\Users\Administrator\.m2\repository\com\zaxxer\HikariCP\4.0.3\HikariCP-4.0.3.jar;C:\Users\Administrator\.m2\repository\org\springframework\spring-jdbc\5.3.12\spring-jdbc-5.3.12.jar;C:\Users\Administrator\.m2\repository\jakarta\transaction\jakarta.transaction-api\1.3.3\jakarta.transaction-api-1.3.3.jar;C:\Users\Administrator\.m2\repository\jakarta\persistence\jakarta.persistence-api\2.2.3\jakarta.persistence-api-2.2.3.jar;C:\Users\Administrator\.m2\repository\org\hibernate\hibernate-core\5.4.32.Final\hibernate-core-5.4.32.Final.jar;C:\Users\Administrator\.m2\repository\org\jboss\logging\jboss-logging\3.4.2.Final\jboss-logging-3.4.2.Final.jar;C:\Users\Administrator\.m2\repository\org\javassist\javassist\3.27.0-GA\javassist-3.27.0-GA.jar;C:\Users\Administrator\.m2\repository\net\bytebuddy\byte-buddy\1.10.22\byte-buddy-1.10.22.jar;C:\Users\Administrator\.m2\repository\antlr\antlr\2.7.7\antlr-2.7.7.jar;C:\Users\Administrator\.m2\repository\org\jboss\jandex\2.2.3.Final\jandex-2.2.3.Final.jar;C:\Users\Administrator\.m2\repository\com\fasterxml\classmate\1.5.1\classmate-1.5.1.jar;C:\Users\Administrator\.m2\repository\org\dom4j\dom4j\2.1.3\dom4j-2.1.3.jar;C:\Users\Administrator\.m2\repository\org\hibernate\common\hibernate-commons-annotations\5.1.2.Final\hibernate-commons-annotations-5.1.2.Final.jar;C:\Users\Administrator\.m2\reposi
Launcher Type: SUN_STANDARD

[Global flags]
     intx CICompilerCount                          = 2                                         {product} {ergonomic}
   size_t InitialHeapSize                          = 16777216                                  {product} {ergonomic}
     bool ManagementServer                         = true                                      {product} {command line}
   size_t MaxHeapSize                              = 268435456                                 {product} {ergonomic}
   size_t MaxNewSize                               = 89456640                                  {product} {ergonomic}
   size_t MinHeapDeltaBytes                        = 196608                                    {product} {ergonomic}
   size_t MinHeapSize                              = 8388608                                   {product} {ergonomic}
   size_t NewSize                                  = 5570560                                   {product} {ergonomic}
    uintx NonNMethodCodeHeapSize                   = 5826188                                {pd product} {ergonomic}
    uintx NonProfiledCodeHeapSize                  = 122916026                              {pd product} {ergonomic}
   size_t OldSize                                  = 11206656                                  {product} {ergonomic}
    uintx ProfiledCodeHeapSize                     = 122916026                              {pd product} {ergonomic}
    uintx ReservedCodeCacheSize                    = 251658240                              {pd product} {ergonomic}
     bool SegmentedCodeCache                       = true                                      {product} {ergonomic}
     bool ShowCodeDetailsInExceptionMessages       = true                                   {manageable} {command line}
   size_t SoftMaxHeapSize                          = 268435456                              {manageable} {ergonomic}
     bool UseCompressedClassPointers               = true                           {product lp64_product} {ergonomic}
     bool UseCompressedOops                        = true                           {product lp64_product} {ergonomic}
     bool UseLargePagesIndividualAllocation        = false                                  {pd product} {ergonomic}
     bool UseSerialGC                              = true                                      {product} {ergonomic}

Logging:
Log output configuration:
 #0: stdout all=warning uptime,level,tags
 #1: stderr all=off uptime,level,tags

Environment Variables:
JAVA_HOME=C:\Program Files\Java\jdk-11.0.14
PATH=C:\Program Files\Common Files\Oracle\Java\javapath;C:\Program Files (x86)\Common Files\Oracle\Java\javapath;C:\Windows\system32;C:\Windows;C:\Windows\System32\Wbem;C:\Windows\System32\WindowsPowerShell\v1.0\;C:\Windows\System32\OpenSSH\;C:\Program Files\Amazon\cfn-bootstrap\;C:\Program Files\Git\cmd;C:\Program Files\nodejs\;C:\Users\Administrator\AppData\Local\Microsoft\WindowsApps;C:\Users\Administrator\AppData\Local\Programs\Microsoft VS Code\bin;C:\Program Files\JetBrains\IntelliJ IDEA 2021.3.3\bin;;C:\Users\Administrator\AppData\Roaming\npm;C:\Program Files\Java\jdk-11.0.14\bin;C:\apache-maven-3.8.5\bin;
USERNAME=Administrator
OS=Windows_NT
PROCESSOR_IDENTIFIER=Intel64 Family 6 Model 79 Stepping 1, GenuineIntel



---------------  S Y S T E M  ---------------

OS:
 Windows Server 2019 , 64 bit Build 17763 (10.0.17763.2686)
OS uptime: 7 days 0:50 hours
Xen hardware-assisted virtualization detected

CPU: total 1 (initial active 1) (1 cores per cpu, 1 threads per core) family 6 model 79 stepping 1 microcode 0xb00003e, cx8, cmov, fxsr, mmx, sse, sse2, sse3, ssse3, sse4.1, sse4.2, popcnt, lzcnt, tsc, avx, avx2, aes, erms, clmul, bmi1, bmi2, fma, vzeroupper, clflush, hv

Memory: 4k page, system-wide physical 1023M (53M free)
TotalPageFile size 4863M (AvailPageFile size 1M)
current process WorkingSet (physical memory assigned to process): 56M, peak: 56M
current process commit charge ("private bytes"): 50M, peak: 50M

vm_info: OpenJDK 64-Bit Server VM (17.0.2+8) for windows-amd64 JRE (17.0.2+8), built on Jan 20 2022 04:52:34 by "" with MS VC++ 16.7 (VS2019)

END.
